  glad.c
  Texture.cpp
  Taman.cpp
c:\users\suastika adinata\documents\visual studio 2015\projects\tamanbermain\tamanbermain\taman.cpp(309): warning C4838: conversion from 'double' to 'GLfloat' requires a narrowing conversion
c:\users\suastika adinata\documents\visual studio 2015\projects\tamanbermain\tamanbermain\taman.cpp(309): warning C4305: 'initializing': truncation from 'double' to 'GLfloat'
c:\users\suastika adinata\documents\visual studio 2015\projects\tamanbermain\tamanbermain\taman.cpp(355): warning C4838: conversion from 'double' to 'GLfloat' requires a narrowing conversion
c:\users\suastika adinata\documents\visual studio 2015\projects\tamanbermain\tamanbermain\taman.cpp(355): warning C4305: 'initializing': truncation from 'double' to 'GLfloat'
c:\users\suastika adinata\documents\visual studio 2015\projects\tamanbermain\tamanbermain\taman.cpp(395): warning C4838: conversion from 'double' to 'GLfloat' requires a narrowing conversion
c:\users\suastika adinata\documents\visual studio 2015\projects\tamanbermain\tamanbermain\taman.cpp(395): warning C4305: 'initializing': truncation from 'double' to 'GLfloat'
c:\users\suastika adinata\documents\visual studio 2015\projects\tamanbermain\tamanbermain\taman.cpp(435): warning C4838: conversion from 'double' to 'GLfloat' requires a narrowing conversion
c:\users\suastika adinata\documents\visual studio 2015\projects\tamanbermain\tamanbermain\taman.cpp(435): warning C4305: 'initializing': truncation from 'double' to 'GLfloat'
c:\users\suastika adinata\documents\visual studio 2015\projects\tamanbermain\tamanbermain\taman.cpp(487): warning C4838: conversion from 'double' to 'GLfloat' requires a narrowing conversion
c:\users\suastika adinata\documents\visual studio 2015\projects\tamanbermain\tamanbermain\taman.cpp(487): warning C4305: 'initializing': truncation from 'double' to 'GLfloat'
c:\users\suastika adinata\documents\visual studio 2015\projects\tamanbermain\tamanbermain\taman.cpp(542): warning C4838: conversion from 'double' to 'GLfloat' requires a narrowing conversion
c:\users\suastika adinata\documents\visual studio 2015\projects\tamanbermain\tamanbermain\taman.cpp(542): warning C4305: 'initializing': truncation from 'double' to 'GLfloat'
c:\users\suastika adinata\documents\visual studio 2015\projects\tamanbermain\tamanbermain\taman.cpp(590): warning C4838: conversion from 'double' to 'GLfloat' requires a narrowing conversion
c:\users\suastika adinata\documents\visual studio 2015\projects\tamanbermain\tamanbermain\taman.cpp(590): warning C4305: 'initializing': truncation from 'double' to 'GLfloat'
c:\users\suastika adinata\documents\visual studio 2015\projects\tamanbermain\tamanbermain\taman.cpp(637): warning C4838: conversion from 'double' to 'GLfloat' requires a narrowing conversion
c:\users\suastika adinata\documents\visual studio 2015\projects\tamanbermain\tamanbermain\taman.cpp(637): warning C4305: 'initializing': truncation from 'double' to 'GLfloat'
c:\users\suastika adinata\documents\visual studio 2015\projects\tamanbermain\tamanbermain\taman.cpp(684): warning C4838: conversion from 'double' to 'GLfloat' requires a narrowing conversion
c:\users\suastika adinata\documents\visual studio 2015\projects\tamanbermain\tamanbermain\taman.cpp(684): warning C4305: 'initializing': truncation from 'double' to 'GLfloat'
c:\users\suastika adinata\documents\visual studio 2015\projects\tamanbermain\tamanbermain\taman.cpp(737): warning C4838: conversion from 'double' to 'GLfloat' requires a narrowing conversion
c:\users\suastika adinata\documents\visual studio 2015\projects\tamanbermain\tamanbermain\taman.cpp(737): warning C4305: 'initializing': truncation from 'double' to 'GLfloat'
c:\users\suastika adinata\documents\visual studio 2015\projects\tamanbermain\tamanbermain\taman.cpp(791): warning C4838: conversion from 'double' to 'GLfloat' requires a narrowing conversion
c:\users\suastika adinata\documents\visual studio 2015\projects\tamanbermain\tamanbermain\taman.cpp(791): warning C4305: 'initializing': truncation from 'double' to 'GLfloat'
c:\users\suastika adinata\documents\visual studio 2015\projects\tamanbermain\tamanbermain\taman.cpp(839): warning C4838: conversion from 'double' to 'GLfloat' requires a narrowing conversion
c:\users\suastika adinata\documents\visual studio 2015\projects\tamanbermain\tamanbermain\taman.cpp(839): warning C4305: 'initializing': truncation from 'double' to 'GLfloat'
c:\users\suastika adinata\documents\visual studio 2015\projects\tamanbermain\tamanbermain\taman.cpp(886): warning C4838: conversion from 'double' to 'GLfloat' requires a narrowing conversion
c:\users\suastika adinata\documents\visual studio 2015\projects\tamanbermain\tamanbermain\taman.cpp(886): warning C4305: 'initializing': truncation from 'double' to 'GLfloat'
c:\users\suastika adinata\documents\visual studio 2015\projects\tamanbermain\tamanbermain\taman.cpp(933): warning C4838: conversion from 'double' to 'GLfloat' requires a narrowing conversion
c:\users\suastika adinata\documents\visual studio 2015\projects\tamanbermain\tamanbermain\taman.cpp(933): warning C4305: 'initializing': truncation from 'double' to 'GLfloat'
c:\users\suastika adinata\documents\visual studio 2015\projects\tamanbermain\tamanbermain\taman.cpp(980): warning C4838: conversion from 'double' to 'GLfloat' requires a narrowing conversion
c:\users\suastika adinata\documents\visual studio 2015\projects\tamanbermain\tamanbermain\taman.cpp(980): warning C4305: 'initializing': truncation from 'double' to 'GLfloat'
c:\users\suastika adinata\documents\visual studio 2015\projects\tamanbermain\tamanbermain\taman.cpp(1027): warning C4838: conversion from 'double' to 'GLfloat' requires a narrowing conversion
c:\users\suastika adinata\documents\visual studio 2015\projects\tamanbermain\tamanbermain\taman.cpp(1027): warning C4305: 'initializing': truncation from 'double' to 'GLfloat'
c:\users\suastika adinata\documents\visual studio 2015\projects\tamanbermain\tamanbermain\taman.cpp(1074): warning C4838: conversion from 'double' to 'GLfloat' requires a narrowing conversion
c:\users\suastika adinata\documents\visual studio 2015\projects\tamanbermain\tamanbermain\taman.cpp(1074): warning C4305: 'initializing': truncation from 'double' to 'GLfloat'
c:\users\suastika adinata\documents\visual studio 2015\projects\tamanbermain\tamanbermain\taman.cpp(1121): warning C4838: conversion from 'double' to 'GLfloat' requires a narrowing conversion
c:\users\suastika adinata\documents\visual studio 2015\projects\tamanbermain\tamanbermain\taman.cpp(1121): warning C4305: 'initializing': truncation from 'double' to 'GLfloat'
c:\users\suastika adinata\documents\visual studio 2015\projects\tamanbermain\tamanbermain\taman.cpp(1209): warning C4838: conversion from 'double' to 'GLfloat' requires a narrowing conversion
c:\users\suastika adinata\documents\visual studio 2015\projects\tamanbermain\tamanbermain\taman.cpp(1209): warning C4305: 'initializing': truncation from 'double' to 'GLfloat'
c:\users\suastika adinata\documents\visual studio 2015\projects\tamanbermain\tamanbermain\taman.cpp(1259): warning C4838: conversion from 'double' to 'GLfloat' requires a narrowing conversion
c:\users\suastika adinata\documents\visual studio 2015\projects\tamanbermain\tamanbermain\taman.cpp(1259): warning C4305: 'initializing': truncation from 'double' to 'GLfloat'
c:\users\suastika adinata\documents\visual studio 2015\projects\tamanbermain\tamanbermain\taman.cpp(1319): warning C4838: conversion from 'double' to 'GLfloat' requires a narrowing conversion
c:\users\suastika adinata\documents\visual studio 2015\projects\tamanbermain\tamanbermain\taman.cpp(1319): warning C4305: 'initializing': truncation from 'double' to 'GLfloat'
c:\users\suastika adinata\documents\visual studio 2015\projects\tamanbermain\tamanbermain\taman.cpp(1386): warning C4838: conversion from 'double' to 'GLfloat' requires a narrowing conversion
c:\users\suastika adinata\documents\visual studio 2015\projects\tamanbermain\tamanbermain\taman.cpp(1386): warning C4305: 'initializing': truncation from 'double' to 'GLfloat'
c:\users\suastika adinata\documents\visual studio 2015\projects\tamanbermain\tamanbermain\taman.cpp(1447): warning C4838: conversion from 'double' to 'GLfloat' requires a narrowing conversion
c:\users\suastika adinata\documents\visual studio 2015\projects\tamanbermain\tamanbermain\taman.cpp(1447): warning C4305: 'initializing': truncation from 'double' to 'GLfloat'
c:\users\suastika adinata\documents\visual studio 2015\projects\tamanbermain\tamanbermain\taman.cpp(1515): warning C4838: conversion from 'double' to 'GLfloat' requires a narrowing conversion
c:\users\suastika adinata\documents\visual studio 2015\projects\tamanbermain\tamanbermain\taman.cpp(1515): warning C4305: 'initializing': truncation from 'double' to 'GLfloat'
c:\users\suastika adinata\documents\visual studio 2015\projects\tamanbermain\tamanbermain\taman.cpp(1576): warning C4838: conversion from 'double' to 'GLfloat' requires a narrowing conversion
c:\users\suastika adinata\documents\visual studio 2015\projects\tamanbermain\tamanbermain\taman.cpp(1576): warning C4305: 'initializing': truncation from 'double' to 'GLfloat'
c:\users\suastika adinata\documents\visual studio 2015\projects\tamanbermain\tamanbermain\taman.cpp(1637): warning C4838: conversion from 'double' to 'GLfloat' requires a narrowing conversion
c:\users\suastika adinata\documents\visual studio 2015\projects\tamanbermain\tamanbermain\taman.cpp(1637): warning C4305: 'initializing': truncation from 'double' to 'GLfloat'
c:\users\suastika adinata\documents\visual studio 2015\projects\tamanbermain\tamanbermain\taman.cpp(1698): warning C4838: conversion from 'double' to 'GLfloat' requires a narrowing conversion
c:\users\suastika adinata\documents\visual studio 2015\projects\tamanbermain\tamanbermain\taman.cpp(1698): warning C4305: 'initializing': truncation from 'double' to 'GLfloat'
c:\users\suastika adinata\documents\visual studio 2015\projects\tamanbermain\tamanbermain\taman.cpp(1753): warning C4838: conversion from 'double' to 'GLfloat' requires a narrowing conversion
c:\users\suastika adinata\documents\visual studio 2015\projects\tamanbermain\tamanbermain\taman.cpp(1753): warning C4305: 'initializing': truncation from 'double' to 'GLfloat'
c:\users\suastika adinata\documents\visual studio 2015\projects\tamanbermain\tamanbermain\taman.cpp(1814): warning C4838: conversion from 'double' to 'GLfloat' requires a narrowing conversion
c:\users\suastika adinata\documents\visual studio 2015\projects\tamanbermain\tamanbermain\taman.cpp(1814): warning C4305: 'initializing': truncation from 'double' to 'GLfloat'
c:\users\suastika adinata\documents\visual studio 2015\projects\tamanbermain\tamanbermain\taman.cpp(1869): warning C4838: conversion from 'double' to 'GLfloat' requires a narrowing conversion
c:\users\suastika adinata\documents\visual studio 2015\projects\tamanbermain\tamanbermain\taman.cpp(1869): warning C4305: 'initializing': truncation from 'double' to 'GLfloat'
c:\users\suastika adinata\documents\visual studio 2015\projects\tamanbermain\tamanbermain\taman.cpp(1924): warning C4838: conversion from 'double' to 'GLfloat' requires a narrowing conversion
c:\users\suastika adinata\documents\visual studio 2015\projects\tamanbermain\tamanbermain\taman.cpp(1924): warning C4305: 'initializing': truncation from 'double' to 'GLfloat'
c:\users\suastika adinata\documents\visual studio 2015\projects\tamanbermain\tamanbermain\taman.cpp(1979): warning C4838: conversion from 'double' to 'GLfloat' requires a narrowing conversion
c:\users\suastika adinata\documents\visual studio 2015\projects\tamanbermain\tamanbermain\taman.cpp(1979): warning C4305: 'initializing': truncation from 'double' to 'GLfloat'
c:\users\suastika adinata\documents\visual studio 2015\projects\tamanbermain\tamanbermain\taman.cpp(2034): warning C4838: conversion from 'double' to 'GLfloat' requires a narrowing conversion
c:\users\suastika adinata\documents\visual studio 2015\projects\tamanbermain\tamanbermain\taman.cpp(2034): warning C4305: 'initializing': truncation from 'double' to 'GLfloat'
c:\users\suastika adinata\documents\visual studio 2015\projects\tamanbermain\tamanbermain\taman.cpp(2083): warning C4838: conversion from 'double' to 'GLfloat' requires a narrowing conversion
c:\users\suastika adinata\documents\visual studio 2015\projects\tamanbermain\tamanbermain\taman.cpp(2083): warning C4305: 'initializing': truncation from 'double' to 'GLfloat'
c:\users\suastika adinata\documents\visual studio 2015\projects\tamanbermain\tamanbermain\taman.cpp(2131): warning C4838: conversion from 'double' to 'GLfloat' requires a narrowing conversion
c:\users\suastika adinata\documents\visual studio 2015\projects\tamanbermain\tamanbermain\taman.cpp(2131): warning C4305: 'initializing': truncation from 'double' to 'GLfloat'
c:\users\suastika adinata\documents\visual studio 2015\projects\tamanbermain\tamanbermain\taman.cpp(2179): warning C4838: conversion from 'double' to 'GLfloat' requires a narrowing conversion
c:\users\suastika adinata\documents\visual studio 2015\projects\tamanbermain\tamanbermain\taman.cpp(2179): warning C4305: 'initializing': truncation from 'double' to 'GLfloat'
c:\users\suastika adinata\documents\visual studio 2015\projects\tamanbermain\tamanbermain\taman.cpp(2239): warning C4838: conversion from 'double' to 'GLfloat' requires a narrowing conversion
c:\users\suastika adinata\documents\visual studio 2015\projects\tamanbermain\tamanbermain\taman.cpp(2239): warning C4305: 'initializing': truncation from 'double' to 'GLfloat'
c:\users\suastika adinata\documents\visual studio 2015\projects\tamanbermain\tamanbermain\taman.cpp(2295): warning C4838: conversion from 'double' to 'GLfloat' requires a narrowing conversion
c:\users\suastika adinata\documents\visual studio 2015\projects\tamanbermain\tamanbermain\taman.cpp(2295): warning C4305: 'initializing': truncation from 'double' to 'GLfloat'
c:\users\suastika adinata\documents\visual studio 2015\projects\tamanbermain\tamanbermain\taman.cpp(2345): warning C4838: conversion from 'double' to 'GLfloat' requires a narrowing conversion
c:\users\suastika adinata\documents\visual studio 2015\projects\tamanbermain\tamanbermain\taman.cpp(2345): warning C4305: 'initializing': truncation from 'double' to 'GLfloat'
  RenderEngine.cpp
c:\users\suastika adinata\documents\visual studio 2015\projects\tamanbermain\tamanbermain\renderengine.cpp(199): warning C4101: 'infoLog': unreferenced local variable
c:\users\suastika adinata\documents\visual studio 2015\projects\tamanbermain\tamanbermain\renderengine.cpp(198): warning C4101: 'success': unreferenced local variable
  Mesh.cpp
  Generating Code...
LINK : warning LNK4098: defaultlib 'MSVCRT' conflicts with use of other libs; use /NODEFAULTLIB:library
SOIL.lib(image_DXT.obj) : warning LNK4099: PDB 'vc110.pdb' was not found with 'SOIL.lib(image_DXT.obj)' or at 'C:\Users\Suastika Adinata\Documents\Visual Studio 2015\Projects\TamanBermain\Debug\vc110.pdb'; linking object as if no debug info
SOIL.lib(image_helper.obj) : warning LNK4099: PDB 'vc110.pdb' was not found with 'SOIL.lib(image_helper.obj)' or at 'C:\Users\Suastika Adinata\Documents\Visual Studio 2015\Projects\TamanBermain\Debug\vc110.pdb'; linking object as if no debug info
SOIL.lib(SOIL.obj) : warning LNK4099: PDB 'vc110.pdb' was not found with 'SOIL.lib(SOIL.obj)' or at 'C:\Users\Suastika Adinata\Documents\Visual Studio 2015\Projects\TamanBermain\Debug\vc110.pdb'; linking object as if no debug info
SOIL.lib(stb_image_aug.obj) : warning LNK4099: PDB 'vc110.pdb' was not found with 'SOIL.lib(stb_image_aug.obj)' or at 'C:\Users\Suastika Adinata\Documents\Visual Studio 2015\Projects\TamanBermain\Debug\vc110.pdb'; linking object as if no debug info
  TamanBermain.vcxproj -> C:\Users\Suastika Adinata\Documents\Visual Studio 2015\Projects\TamanBermain\Debug\TamanBermain.exe
  TamanBermain.vcxproj -> C:\Users\Suastika Adinata\Documents\Visual Studio 2015\Projects\TamanBermain\Debug\TamanBermain.pdb (Partial PDB)
